<?xml version="1.0" encoding="UTF-8"?>
<!-- Generated by org.testng.reporters.JUnitReportReporter -->
<testsuite hostname="IN-PG0352AV" failures="0" tests="1" name="tests.FliterProductTest" time="15.428" errors="0" timestamp="2024-06-18T10:41:57 IST" skipped="0">
  <testcase classname="tests.FliterProductTest" name="FilterProduct" time="15.428"/>
</testsuite> <!-- tests.FliterProductTest -->
