<?xml version="1.0" encoding="UTF-8"?>
<!-- Generated by org.testng.reporters.JUnitReportReporter -->
<testsuite hostname="IN-PG0352AV" failures="0" tests="1" name="tests.TravelPageTest" time="34.591" errors="0" timestamp="2024-06-17T20:42:01 IST" skipped="0">
  <testcase classname="tests.TravelPageTest" name="TravelPage" time="34.591"/>
</testsuite> <!-- tests.TravelPageTest -->
